<?xml version="1.0" encoding="UTF-8"?>
<!-- Generated by org.testng.reporters.JUnitReportReporter -->
<testsuite hostname="PF13BQ0ZKATYALD" failures="0" tests="1" name="conclusions.approve" time="1.430" errors="0" timestamp="12 Mar 2020 15:04:18 GMT">
  <testcase classname="conclusions.approve" name="Assert401" time="1.430"/>
</testsuite> <!-- conclusions.approve -->
