<?xml version="1.0" encoding="UTF-8"?>
<!-- Generated by org.testng.reporters.JUnitReportReporter -->
<testsuite hostname="PF13BQ0ZKATYALD" failures="0" tests="3" name="testinfo.GetgridLayout" time="6.125" errors="0" timestamp="18 Feb 2020 13:07:33 GMT">
  <testcase classname="testinfo.GetgridLayout" name="Assert200" time="3.475"/>
  <testcase classname="testinfo.GetgridLayout" name="Assert400" time="1.319"/>
  <testcase classname="testinfo.GetgridLayout" name="Assert401" time="1.331"/>
</testsuite> <!-- testinfo.GetgridLayout -->
