<?xml version="1.0" encoding="UTF-8"?>
<!-- Generated by org.testng.reporters.JUnitReportReporter -->
<testsuite hostname="G25WXC2NAIKN" name="testinfo.gridLayout" tests="2" failures="0" timestamp="17 Feb 2020 04:42:58 GMT" time="4.887" errors="0">
  <testcase name="TestGet200" time="3.490" classname="testinfo.gridLayout"/>
  <testcase name="TestGet401" time="1.397" classname="testinfo.gridLayout"/>
</testsuite> <!-- testinfo.gridLayout -->
