<?xml version="1.0" encoding="UTF-8"?>
<!-- Generated by org.testng.reporters.JUnitReportReporter -->
<testsuite hostname="PF13BQ0ZKATYALD" failures="0" tests="3" name="donationInfo.donations" time="4.375" errors="0" timestamp="21 Feb 2020 14:15:50 GMT">
  <testcase classname="donationInfo.donations" name="Assert401" time="1.412"/>
  <testcase classname="donationInfo.donations" name="Assert400" time="1.462"/>
  <testcase classname="donationInfo.donations" name="Assert200" time="1.501"/>
</testsuite> <!-- donationInfo.donations -->
