<?xml version="1.0" encoding="UTF-8"?>
<!-- Generated by org.testng.reporters.JUnitReportReporter -->
<testsuite hostname="G21TXC2JHAP" name="testInfo.orderTests" tests="3" failures="0" timestamp="20 Jan 2020 06:21:07 GMT" time="61.847" errors="0">
  <testcase name="TestGet200" time="19.188" classname="testInfo.orderTests"/>
  <testcase name="TestGet200" time="22.363" classname="testInfo.orderTests"/>
  <testcase name="TestGet200" time="20.296" classname="testInfo.orderTests"/>
</testsuite> <!-- testInfo.orderTests -->
