<?xml version="1.0" encoding="UTF-8"?>
<!-- Generated by org.testng.reporters.JUnitReportReporter -->
<testsuite hostname="G25WXC2NAIKN" name="clientCode.getAssays" tests="2" failures="0" timestamp="22 Jul 2020 13:05:34 GMT" time="2.751" errors="0">
  <testcase name="Assert200" time="1.977" classname="clientCode.getAssays"/>
  <testcase name="Assert401" time="0.774" classname="clientCode.getAssays"/>
</testsuite> <!-- clientCode.getAssays -->
