<?xml version="1.0" encoding="UTF-8"?>
<!-- Generated by org.testng.reporters.JUnitReportReporter -->
<testsuite hostname="PF13BQ0ZKATYALD" failures="0" tests="1" name="bloodstream.Suite" time="1.387" errors="0" timestamp="18 Feb 2020 13:04:08 GMT">
  <testcase classname="bloodstream.Suite" name="login" time="1.387"/>
</testsuite> <!-- bloodstream.Suite -->
